<?xml version="1.0" encoding="UTF-8"?>
<coverage generated="1634475349523" clover="3.2.0">
  <project timestamp="1634475349523" name="All files">
    <metrics statements="33" coveredstatements="33" conditionals="33" coveredconditionals="32" methods="4" coveredmethods="4" elements="70" coveredelements="69" complexity="0" loc="33" ncloc="33" packages="1" files="1" classes="1"/>
    <file name="gilded_rose.js" path="D:\travail\project\GildedRose-Refactoring-Kata\js-jest\src\gilded_rose.js">
      <metrics statements="33" coveredstatements="33" conditionals="33" coveredconditionals="32" methods="4" coveredmethods="4"/>
      <line num="3" count="13" type="stmt"/>
      <line num="4" count="13" type="stmt"/>
      <line num="5" count="13" type="stmt"/>
      <line num="9" count="1" type="stmt"/>
      <line num="13" count="16" type="stmt"/>
      <line num="17" count="136" type="stmt"/>
      <line num="18" count="676" type="stmt"/>
      <line num="21" count="136" type="stmt"/>
      <line num="26" count="676" type="cond" truecount="2" falsecount="0"/>
      <line num="27" count="136" type="cond" truecount="2" falsecount="0"/>
      <line num="28" count="131" type="cond" truecount="2" falsecount="0"/>
      <line num="29" count="41" type="stmt"/>
      <line num="34" count="540" type="cond" truecount="2" falsecount="0"/>
      <line num="35" count="471" type="stmt"/>
      <line num="36" count="471" type="cond" truecount="2" falsecount="0"/>
      <line num="37" count="409" type="cond" truecount="2" falsecount="0"/>
      <line num="38" count="389" type="cond" truecount="2" falsecount="0"/>
      <line num="39" count="378" type="stmt"/>
      <line num="42" count="409" type="cond" truecount="2" falsecount="0"/>
      <line num="43" count="359" type="cond" truecount="2" falsecount="0"/>
      <line num="44" count="348" type="stmt"/>
      <line num="51" count="676" type="cond" truecount="2" falsecount="0"/>
      <line num="52" count="586" type="stmt"/>
      <line num="55" count="676" type="cond" truecount="2" falsecount="0"/>
      <line num="56" count="434" type="cond" truecount="2" falsecount="0"/>
      <line num="57" count="355" type="cond" truecount="2" falsecount="0"/>
      <line num="58" count="15" type="cond" truecount="2" falsecount="0"/>
      <line num="59" count="10" type="cond" truecount="1" falsecount="1"/>
      <line num="60" count="10" type="stmt"/>
      <line num="64" count="340" type="stmt"/>
      <line num="67" count="79" type="cond" truecount="2" falsecount="0"/>
      <line num="68" count="51" type="stmt"/>
      <line num="75" count="1" type="stmt"/>
    </file>
  </project>
</coverage>
