{"D:\\travail\\project\\GildedRose-Refactoring-Kata\\js-jest\\src\\gilded_rose.js": {"path":"D:\\travail\\project\\GildedRose-Refactoring-Kata\\js-jest\\src\\gilded_rose.js","statementMap":{"0":{"start":{"line":3,"column":4},"end":{"line":3,"column":21}},"1":{"start":{"line":4,"column":4},"end":{"line":4,"column":25}},"2":{"start":{"line":5,"column":4},"end":{"line":5,"column":27}},"3":{"start":{"line":9,"column":27},"end":{"line":9,"column":85}},"4":{"start":{"line":13,"column":4},"end":{"line":13,"column":23}},"5":{"start":{"line":17,"column":4},"end":{"line":19,"column":5}},"6":{"start":{"line":17,"column":17},"end":{"line":17,"column":18}},"7":{"start":{"line":18,"column":6},"end":{"line":18,"column":45}},"8":{"start":{"line":21,"column":4},"end":{"line":21,"column":22}},"9":{"start":{"line":26,"column":4},"end":{"line":49,"column":5}},"10":{"start":{"line":27,"column":6},"end":{"line":31,"column":7}},"11":{"start":{"line":28,"column":8},"end":{"line":30,"column":9}},"12":{"start":{"line":29,"column":10},"end":{"line":29,"column":58}},"13":{"start":{"line":34,"column":6},"end":{"line":48,"column":7}},"14":{"start":{"line":35,"column":8},"end":{"line":35,"column":56}},"15":{"start":{"line":36,"column":8},"end":{"line":47,"column":9}},"16":{"start":{"line":37,"column":10},"end":{"line":41,"column":11}},"17":{"start":{"line":38,"column":12},"end":{"line":40,"column":13}},"18":{"start":{"line":39,"column":14},"end":{"line":39,"column":62}},"19":{"start":{"line":42,"column":10},"end":{"line":46,"column":11}},"20":{"start":{"line":43,"column":12},"end":{"line":45,"column":13}},"21":{"start":{"line":44,"column":14},"end":{"line":44,"column":62}},"22":{"start":{"line":51,"column":4},"end":{"line":53,"column":5}},"23":{"start":{"line":52,"column":6},"end":{"line":52,"column":52}},"24":{"start":{"line":55,"column":4},"end":{"line":71,"column":5}},"25":{"start":{"line":56,"column":6},"end":{"line":70,"column":7}},"26":{"start":{"line":57,"column":8},"end":{"line":65,"column":9}},"27":{"start":{"line":58,"column":10},"end":{"line":62,"column":11}},"28":{"start":{"line":59,"column":12},"end":{"line":61,"column":13}},"29":{"start":{"line":60,"column":14},"end":{"line":60,"column":62}},"30":{"start":{"line":64,"column":10},"end":{"line":64,"column":77}},"31":{"start":{"line":67,"column":8},"end":{"line":69,"column":9}},"32":{"start":{"line":68,"column":10},"end":{"line":68,"column":58}},"33":{"start":{"line":75,"column":0},"end":{"line":78,"column":1}}},"fnMap":{"0":{"name":"(anonymous_0)","decl":{"start":{"line":2,"column":2},"end":{"line":2,"column":3}},"loc":{"start":{"line":2,"column":36},"end":{"line":6,"column":3}},"line":2},"1":{"name":"(anonymous_1)","decl":{"start":{"line":12,"column":2},"end":{"line":12,"column":3}},"loc":{"start":{"line":12,"column":23},"end":{"line":14,"column":3}},"line":12},"2":{"name":"(anonymous_2)","decl":{"start":{"line":16,"column":2},"end":{"line":16,"column":3}},"loc":{"start":{"line":16,"column":18},"end":{"line":22,"column":3}},"line":16},"3":{"name":"(anonymous_3)","decl":{"start":{"line":24,"column":2},"end":{"line":24,"column":3}},"loc":{"start":{"line":24,"column":36},"end":{"line":72,"column":3}},"line":24}},"branchMap":{"0":{"loc":{"start":{"line":12,"column":14},"end":{"line":12,"column":22}},"type":"default-arg","locations":[{"start":{"line":12,"column":20},"end":{"line":12,"column":22}}],"line":12},"1":{"loc":{"start":{"line":26,"column":4},"end":{"line":49,"column":5}},"type":"if","locations":[{"start":{"line":26,"column":4},"end":{"line":49,"column":5}},{"start":{"line":26,"column":4},"end":{"line":49,"column":5}}],"line":26},"2":{"loc":{"start":{"line":27,"column":6},"end":{"line":31,"column":7}},"type":"if","locations":[{"start":{"line":27,"column":6},"end":{"line":31,"column":7}},{"start":{"line":27,"column":6},"end":{"line":31,"column":7}}],"line":27},"3":{"loc":{"start":{"line":28,"column":8},"end":{"line":30,"column":9}},"type":"if","locations":[{"start":{"line":28,"column":8},"end":{"line":30,"column":9}},{"start":{"line":28,"column":8},"end":{"line":30,"column":9}}],"line":28},"4":{"loc":{"start":{"line":34,"column":6},"end":{"line":48,"column":7}},"type":"if","locations":[{"start":{"line":34,"column":6},"end":{"line":48,"column":7}},{"start":{"line":34,"column":6},"end":{"line":48,"column":7}}],"line":34},"5":{"loc":{"start":{"line":36,"column":8},"end":{"line":47,"column":9}},"type":"if","locations":[{"start":{"line":36,"column":8},"end":{"line":47,"column":9}},{"start":{"line":36,"column":8},"end":{"line":47,"column":9}}],"line":36},"6":{"loc":{"start":{"line":37,"column":10},"end":{"line":41,"column":11}},"type":"if","locations":[{"start":{"line":37,"column":10},"end":{"line":41,"column":11}},{"start":{"line":37,"column":10},"end":{"line":41,"column":11}}],"line":37},"7":{"loc":{"start":{"line":38,"column":12},"end":{"line":40,"column":13}},"type":"if","locations":[{"start":{"line":38,"column":12},"end":{"line":40,"column":13}},{"start":{"line":38,"column":12},"end":{"line":40,"column":13}}],"line":38},"8":{"loc":{"start":{"line":42,"column":10},"end":{"line":46,"column":11}},"type":"if","locations":[{"start":{"line":42,"column":10},"end":{"line":46,"column":11}},{"start":{"line":42,"column":10},"end":{"line":46,"column":11}}],"line":42},"9":{"loc":{"start":{"line":43,"column":12},"end":{"line":45,"column":13}},"type":"if","locations":[{"start":{"line":43,"column":12},"end":{"line":45,"column":13}},{"start":{"line":43,"column":12},"end":{"line":45,"column":13}}],"line":43},"10":{"loc":{"start":{"line":51,"column":4},"end":{"line":53,"column":5}},"type":"if","locations":[{"start":{"line":51,"column":4},"end":{"line":53,"column":5}},{"start":{"line":51,"column":4},"end":{"line":53,"column":5}}],"line":51},"11":{"loc":{"start":{"line":55,"column":4},"end":{"line":71,"column":5}},"type":"if","locations":[{"start":{"line":55,"column":4},"end":{"line":71,"column":5}},{"start":{"line":55,"column":4},"end":{"line":71,"column":5}}],"line":55},"12":{"loc":{"start":{"line":56,"column":6},"end":{"line":70,"column":7}},"type":"if","locations":[{"start":{"line":56,"column":6},"end":{"line":70,"column":7}},{"start":{"line":56,"column":6},"end":{"line":70,"column":7}}],"line":56},"13":{"loc":{"start":{"line":57,"column":8},"end":{"line":65,"column":9}},"type":"if","locations":[{"start":{"line":57,"column":8},"end":{"line":65,"column":9}},{"start":{"line":57,"column":8},"end":{"line":65,"column":9}}],"line":57},"14":{"loc":{"start":{"line":58,"column":10},"end":{"line":62,"column":11}},"type":"if","locations":[{"start":{"line":58,"column":10},"end":{"line":62,"column":11}},{"start":{"line":58,"column":10},"end":{"line":62,"column":11}}],"line":58},"15":{"loc":{"start":{"line":59,"column":12},"end":{"line":61,"column":13}},"type":"if","locations":[{"start":{"line":59,"column":12},"end":{"line":61,"column":13}},{"start":{"line":59,"column":12},"end":{"line":61,"column":13}}],"line":59},"16":{"loc":{"start":{"line":67,"column":8},"end":{"line":69,"column":9}},"type":"if","locations":[{"start":{"line":67,"column":8},"end":{"line":69,"column":9}},{"start":{"line":67,"column":8},"end":{"line":69,"column":9}}],"line":67}},"s":{"0":13,"1":13,"2":13,"3":1,"4":16,"5":136,"6":136,"7":676,"8":136,"9":676,"10":136,"11":131,"12":41,"13":540,"14":471,"15":471,"16":409,"17":389,"18":378,"19":409,"20":359,"21":348,"22":676,"23":586,"24":676,"25":434,"26":355,"27":15,"28":10,"29":10,"30":340,"31":79,"32":51,"33":1},"f":{"0":13,"1":16,"2":136,"3":676},"b":{"0":[3],"1":[136,540],"2":[131,5],"3":[41,90],"4":[471,69],"5":[409,62],"6":[389,20],"7":[378,11],"8":[359,50],"9":[348,11],"10":[586,90],"11":[434,242],"12":[355,79],"13":[15,340],"14":[10,5],"15":[10,0],"16":[51,28]},"_coverageSchema":"43e27e138ebf9cfc5966b082cf9a028302ed4184","hash":"a87a3a292a2c7ada8607b23181f0de4ffb49ec2f"}
}
