TN:
SF:D:\travail\project\GildedRose-Refactoring-Kata\js-jest\src\gilded_rose.js
FN:2,(anonymous_0)
FN:12,(anonymous_1)
FN:16,(anonymous_2)
FN:24,(anonymous_3)
FNF:4
FNH:4
FNDA:13,(anonymous_0)
FNDA:16,(anonymous_1)
FNDA:136,(anonymous_2)
FNDA:676,(anonymous_3)
DA:3,13
DA:4,13
DA:5,13
DA:9,1
DA:13,16
DA:17,136
DA:18,676
DA:21,136
DA:26,676
DA:27,136
DA:28,131
DA:29,41
DA:34,540
DA:35,471
DA:36,471
DA:37,409
DA:38,389
DA:39,378
DA:42,409
DA:43,359
DA:44,348
DA:51,676
DA:52,586
DA:55,676
DA:56,434
DA:57,355
DA:58,15
DA:59,10
DA:60,10
DA:64,340
DA:67,79
DA:68,51
DA:75,1
LF:33
LH:33
BRDA:12,0,0,3
BRDA:26,1,0,136
BRDA:26,1,1,540
BRDA:27,2,0,131
BRDA:27,2,1,5
BRDA:28,3,0,41
BRDA:28,3,1,90
BRDA:34,4,0,471
BRDA:34,4,1,69
BRDA:36,5,0,409
BRDA:36,5,1,62
BRDA:37,6,0,389
BRDA:37,6,1,20
BRDA:38,7,0,378
BRDA:38,7,1,11
BRDA:42,8,0,359
BRDA:42,8,1,50
BRDA:43,9,0,348
BRDA:43,9,1,11
BRDA:51,10,0,586
BRDA:51,10,1,90
BRDA:55,11,0,434
BRDA:55,11,1,242
BRDA:56,12,0,355
BRDA:56,12,1,79
BRDA:57,13,0,15
BRDA:57,13,1,340
BRDA:58,14,0,10
BRDA:58,14,1,5
BRDA:59,15,0,10
BRDA:59,15,1,0
BRDA:67,16,0,51
BRDA:67,16,1,28
BRF:33
BRH:32
end_of_record
